Using pre-set license
Built from '2021.3/staging' branch; Version is '2021.3.1f1 (3b70a0754835) revision 3895456'; Using compiler version '192829333'; Build Type 'Release'
OS: 'Windows 11  (10.0.22621) 64bit Core' Language: 'en' Physical Memory: 16187 MB
BatchMode: 1, IsHumanControllingUs: 0, StartBugReporterOnCrash: 0, Is64bit: 1, IsPro: 1

COMMAND LINE ARGUMENTS:
C:\Program Files\Unity\Hub\Editor\2021.3.1f1\Editor\Unity.exe
-adb2
-batchMode
-noUpm
-name
AssetImportWorker1
-projectPath
C:/work/cellscience/Bakery
-logFile
Logs/AssetImportWorker1.log
-srvPort
50891
Successfully changed project path to: C:/work/cellscience/Bakery
C:/work/cellscience/Bakery
[UnityMemory] Configuration Parameters - Can be set up in boot.config
    "memorysetup-bucket-allocator-granularity=16"
    "memorysetup-bucket-allocator-bucket-count=8"
    "memorysetup-bucket-allocator-block-size=33554432"
    "memorysetup-bucket-allocator-block-count=8"
    "memorysetup-main-allocator-block-size=16777216"
    "memorysetup-thread-allocator-block-size=16777216"
    "memorysetup-gfx-main-allocator-block-size=16777216"
    "memorysetup-gfx-thread-allocator-block-size=16777216"
    "memorysetup-cache-allocator-block-size=4194304"
    "memorysetup-typetree-allocator-block-size=2097152"
    "memorysetup-profiler-bucket-allocator-granularity=16"
    "memorysetup-profiler-bucket-allocator-bucket-count=8"
    "memorysetup-profiler-bucket-allocator-block-size=33554432"
    "memorysetup-profiler-bucket-allocator-block-count=8"
    "memorysetup-profiler-allocator-block-size=16777216"
    "memorysetup-profiler-editor-allocator-block-size=1048576"
    "memorysetup-temp-allocator-size-main=16777216"
    "memorysetup-job-temp-allocator-block-size=2097152"
    "memorysetup-job-temp-allocator-block-size-background=1048576"
    "memorysetup-job-temp-allocator-reduction-small-platforms=262144"
    "memorysetup-temp-allocator-size-background-worker=32768"
    "memorysetup-temp-allocator-size-job-worker=262144"
    "memorysetup-temp-allocator-size-preload-manager=33554432"
    "memorysetup-temp-allocator-size-nav-mesh-worker=65536"
    "memorysetup-temp-allocator-size-audio-worker=65536"
    "memorysetup-temp-allocator-size-cloud-worker=32768"
    "memorysetup-temp-allocator-size-gi-baking-worker=262144"
    "memorysetup-temp-allocator-size-gfx=262144"
Refreshing native plugins compatible for Editor in 121.05 ms, found 3 plugins.
Preloading 0 native plugins for Editor in 0.00 ms.
Initialize engine version: 2021.3.1f1 (3b70a0754835)
[Subsystems] Discovering subsystems at path C:/Program Files/Unity/Hub/Editor/2021.3.1f1/Editor/Data/Resources/UnitySubsystems
[Subsystems] Discovering subsystems at path C:/work/cellscience/Bakery/Assets
GfxDevice: creating device client; threaded=0; jobified=0
Direct3D:
    Version:  Direct3D 11.0 [level 11.1]
    Renderer: NVIDIA GeForce GTX 1650 with Max-Q Design (ID=0x1f99)
    Vendor:   NVIDIA
    VRAM:     3962 MB
    Driver:   26.21.14.4333
Initialize mono
Mono path[0] = 'C:/Program Files/Unity/Hub/Editor/2021.3.1f1/Editor/Data/Managed'
Mono path[1] = 'C:/Program Files/Unity/Hub/Editor/2021.3.1f1/Editor/Data/MonoBleedingEdge/lib/mono/unityjit-win32'
Mono config path = 'C:/Program Files/Unity/Hub/Editor/2021.3.1f1/Editor/Data/MonoBleedingEdge/etc'
Using monoOptions --debugger-agent=transport=dt_socket,embedding=1,server=y,suspend=n,address=127.0.0.1:56100
Begin MonoManager ReloadAssembly
Registering precompiled unity dll's ...
Register platform support module: C:/Program Files/Unity/Hub/Editor/2021.3.1f1/Editor/Data/PlaybackEngines/WebGLSupport/UnityEditor.WebGL.Extensions.dll
Register platform support module: C:/Program Files/Unity/Hub/Editor/2021.3.1f1/Editor/Data/PlaybackEngines/WindowsStandaloneSupport/UnityEditor.WindowsStandalone.Extensions.dll
Registered in 0.008923 seconds.
Native extension for WindowsStandalone target not found
Native extension for WebGL target not found
Refreshing native plugins compatible for Editor in 128.34 ms, found 3 plugins.
Preloading 0 native plugins for Editor in 0.00 ms.
Mono: successfully reloaded assembly
- Completed reload, in  0.970 seconds
Domain Reload Profiling:
	ReloadAssembly (971ms)
		BeginReloadAssembly (122ms)
			ExecutionOrderSort (0ms)
			DisableScriptedObjects (0ms)
			BackupInstance (0ms)
			ReleaseScriptingObjects (0ms)
			CreateAndSetChildDomain (1ms)
		EndReloadAssembly (690ms)
			LoadAssemblies (119ms)
			RebuildTransferFunctionScriptingTraits (0ms)
			SetupTypeCache (155ms)
			ReleaseScriptCaches (0ms)
			RebuildScriptCaches (47ms)
			SetupLoadedEditorAssemblies (414ms)
				LogAssemblyErrors (0ms)
				InitializePlatformSupportModulesInManaged (16ms)
				SetLoadedEditorAssemblies (0ms)
				RefreshPlugins (129ms)
				BeforeProcessingInitializeOnLoad (2ms)
				ProcessInitializeOnLoadAttributes (200ms)
				ProcessInitializeOnLoadMethodAttributes (67ms)
				AfterProcessingInitializeOnLoad (0ms)
				EditorAssembliesLoaded (0ms)
			ExecutionOrderSort2 (0ms)
			AwakeInstancesAfterBackupRestoration (0ms)
Platform modules already initialized, skipping
Registering precompiled user dll's ...
Registered in 0.007515 seconds.
Begin MonoManager ReloadAssembly
Symbol file LoadedFromMemory doesn't match image C:\work\cellscience\Bakery\Library\PackageCache\com.unity.visualscripting@1.7.6\Editor\VisualScripting.Core\Dependencies\YamlDotNet\Unity.VisualScripting.YamlDotNet.dll
Symbol file LoadedFromMemory is not a mono symbol file
Symbol file LoadedFromMemory doesn't match image C:\work\cellscience\Bakery\Library\PackageCache\com.unity.visualscripting@1.7.6\Editor\VisualScripting.Core\Dependencies\DotNetZip\Unity.VisualScripting.IonicZip.dll
Native extension for WindowsStandalone target not found
Native extension for WebGL target not found
Refreshing native plugins compatible for Editor in 1.12 ms, found 3 plugins.
Preloading 0 native plugins for Editor in 0.00 ms.
Mono: successfully reloaded assembly
- Completed reload, in  1.289 seconds
Domain Reload Profiling:
	ReloadAssembly (1290ms)
		BeginReloadAssembly (121ms)
			ExecutionOrderSort (0ms)
			DisableScriptedObjects (6ms)
			BackupInstance (0ms)
			ReleaseScriptingObjects (0ms)
			CreateAndSetChildDomain (22ms)
		EndReloadAssembly (1039ms)
			LoadAssemblies (116ms)
			RebuildTransferFunctionScriptingTraits (0ms)
			SetupTypeCache (312ms)
			ReleaseScriptCaches (1ms)
			RebuildScriptCaches (61ms)
			SetupLoadedEditorAssemblies (488ms)
				LogAssemblyErrors (0ms)
				InitializePlatformSupportModulesInManaged (11ms)
				SetLoadedEditorAssemblies (1ms)
				RefreshPlugins (1ms)
				BeforeProcessingInitializeOnLoad (114ms)
				ProcessInitializeOnLoadAttributes (312ms)
				ProcessInitializeOnLoadMethodAttributes (39ms)
				AfterProcessingInitializeOnLoad (10ms)
				EditorAssembliesLoaded (0ms)
			ExecutionOrderSort2 (0ms)
			AwakeInstancesAfterBackupRestoration (7ms)
Platform modules already initialized, skipping
========================================================================
Worker process is ready to serve import requests
Launched and connected shader compiler UnityShaderCompiler.exe after 0.07 seconds
Refreshing native plugins compatible for Editor in 0.77 ms, found 3 plugins.
Preloading 0 native plugins for Editor in 0.00 ms.
Unloading 3608 Unused Serialized files (Serialized files now loaded: 0)
Unloading 24 unused Assets / (156.6 KB). Loaded Objects now: 4074.
Memory consumption went from 133.5 MB to 133.3 MB.
Total: 4.418900 ms (FindLiveObjects: 0.493700 ms CreateObjectMapping: 0.380100 ms MarkObjects: 3.372000 ms  DeleteObjects: 0.171600 ms)

AssetImportParameters requested are different than current active one (requested -> active):
  custom:video-decoder-ogg-theora: a1e56fd34408186e4bbccfd4996cb3dc -> 
  custom:container-muxer-webm: aa71ff27fc2769a1b78a27578f13a17b -> 
  custom:container-demuxer-webm: 4f35f7cbe854078d1ac9338744f61a02 -> 
  custom:video-encoder-webm-vp8: eb34c28f22e8b96e1ab97ce403110664 -> 
  custom:audio-encoder-webm-vorbis: bf7c407c2cedff20999df2af8eb42d56 -> 
  custom:framework-win-MediaFoundation: 216162199b28c13a410421893ffa2e32 -> 
  custom:container-demuxer-ogg: 62fdf1f143b41e24485cea50d1cbac27 -> 
  custom:video-decoder-webm-vp8: 9c59270c3fd7afecdb556c50c9e8de78 -> 
  custom:audio-decoder-ogg-vorbis: bf7c407c2cedff20999df2af8eb42d56 -> 
========================================================================
Received Import Request.
  Time since last request: 499358.214527 seconds.
  path: Assets/SkySeries Freebie/6SidedMegaSun.mat
  artifactKey: Guid(c52c5d7968fa6c9499b0b5752f899bfb) Importer(815301076,1909f56bfc062723c751e8b465ee728b)
Start importing Assets/SkySeries Freebie/6SidedMegaSun.mat using Guid(c52c5d7968fa6c9499b0b5752f899bfb) Importer(815301076,1909f56bfc062723c751e8b465ee728b)  -> (artifact id: '1c5cc647b31fdc7cd301db43aa05d83f') in 0.207084 seconds 
========================================================================
Received Import Request.
  Time since last request: 0.000027 seconds.
  path: Assets/SkySeries Freebie/CasualDay.mat
  artifactKey: Guid(85cf0b004bc4a654b9e501efcce47902) Importer(815301076,1909f56bfc062723c751e8b465ee728b)
Start importing Assets/SkySeries Freebie/CasualDay.mat using Guid(85cf0b004bc4a654b9e501efcce47902) Importer(815301076,1909f56bfc062723c751e8b465ee728b)  -> (artifact id: '686d0b6fdeadc456519ceb00327793a5') in 0.047734 seconds 
========================================================================
Received Import Request.
  Time since last request: 10383.180340 seconds.
  path: Assets/Stylized Wood Textures/Textures/Square/Wood_Square_basecolor.png
  artifactKey: Guid(dc71b8e9c1c2dfc44a3078207aa60d5f) Importer(815301076,1909f56bfc062723c751e8b465ee728b)
Start importing Assets/Stylized Wood Textures/Textures/Square/Wood_Square_basecolor.png using Guid(dc71b8e9c1c2dfc44a3078207aa60d5f) Importer(815301076,1909f56bfc062723c751e8b465ee728b)  -> (artifact id: 'f416a07ae8bddefa6fc75e15d5afb1e3') in 0.258815 seconds 
========================================================================
Received Import Request.
  Time since last request: 8808.105896 seconds.
  path: Assets/FREE Food Pack/Materials/Food_Fresnel.mat
  artifactKey: Guid(dd4330fb196ead84ea9d14e6bbbe8ed5) Importer(815301076,1909f56bfc062723c751e8b465ee728b)
Start importing Assets/FREE Food Pack/Materials/Food_Fresnel.mat using Guid(dd4330fb196ead84ea9d14e6bbbe8ed5) Importer(815301076,1909f56bfc062723c751e8b465ee728b)  -> (artifact id: 'c28e3aea7c8a208e8b07d186ca298135') in 0.194006 seconds 
========================================================================
Received Import Request.
  Time since last request: 3.287723 seconds.
  path: Assets/FREE Food Pack/Mesh/Banana.fbx
  artifactKey: Guid(6d05be1b78e41a948b8d50bee67bce65) Importer(815301076,1909f56bfc062723c751e8b465ee728b)
Start importing Assets/FREE Food Pack/Mesh/Banana.fbx using Guid(6d05be1b78e41a948b8d50bee67bce65) Importer(815301076,1909f56bfc062723c751e8b465ee728b)  -> (artifact id: '24c5b5d4fab9e31a2c053de789ccb949') in 0.227798 seconds 
========================================================================
Received Import Request.
  Time since last request: 0.000036 seconds.
  path: Assets/FREE Food Pack/Mesh/Pineapple.fbx
  artifactKey: Guid(82731c4f4b197fb49a6a473836aefbb7) Importer(815301076,1909f56bfc062723c751e8b465ee728b)
Start importing Assets/FREE Food Pack/Mesh/Pineapple.fbx using Guid(82731c4f4b197fb49a6a473836aefbb7) Importer(815301076,1909f56bfc062723c751e8b465ee728b)  -> (artifact id: '3b9084c194887a8d836f6bdeb8765e66') in 0.036375 seconds 
========================================================================
Received Import Request.
  Time since last request: 0.000027 seconds.
  path: Assets/FREE Food Pack/Mesh/Gyoza.fbx
  artifactKey: Guid(59f24a1b5c71cc24386b59e448df778e) Importer(815301076,1909f56bfc062723c751e8b465ee728b)
Start importing Assets/FREE Food Pack/Mesh/Gyoza.fbx using Guid(59f24a1b5c71cc24386b59e448df778e) Importer(815301076,1909f56bfc062723c751e8b465ee728b)  -> (artifact id: 'da3759aa27774e915938280802364679') in 0.030735 seconds 
========================================================================
Received Import Request.
  Time since last request: 0.000024 seconds.
  path: Assets/FREE Food Pack/Mesh/Onigiri.fbx
  artifactKey: Guid(14923c7058afba74482af9e6daa25295) Importer(815301076,1909f56bfc062723c751e8b465ee728b)
Start importing Assets/FREE Food Pack/Mesh/Onigiri.fbx using Guid(14923c7058afba74482af9e6daa25295) Importer(815301076,1909f56bfc062723c751e8b465ee728b)  -> (artifact id: '3bf5b3c6b005a756d6f8017ac7a69163') in 0.022799 seconds 
========================================================================
Received Import Request.
  Time since last request: 0.000021 seconds.
  path: Assets/FREE Food Pack/Mesh/SweetPepper.fbx
  artifactKey: Guid(cead1578867b39244a74ceeda55bb266) Importer(815301076,1909f56bfc062723c751e8b465ee728b)
Start importing Assets/FREE Food Pack/Mesh/SweetPepper.fbx using Guid(cead1578867b39244a74ceeda55bb266) Importer(815301076,1909f56bfc062723c751e8b465ee728b)  -> (artifact id: 'ef08dabe7470569045b8d67ec7a05420') in 0.022311 seconds 
========================================================================
Received Import Request.
  Time since last request: 0.000041 seconds.
  path: Assets/FREE Food Pack/Mesh/HotDog.fbx
  artifactKey: Guid(262d1a6f513ed5b4fb329e79b124e2cf) Importer(815301076,1909f56bfc062723c751e8b465ee728b)
Start importing Assets/FREE Food Pack/Mesh/HotDog.fbx using Guid(262d1a6f513ed5b4fb329e79b124e2cf) Importer(815301076,1909f56bfc062723c751e8b465ee728b)  -> (artifact id: 'cfdbe623a35ff283b56fe7858c3b20be') in 0.021347 seconds 
========================================================================
Received Import Request.
  Time since last request: 0.000037 seconds.
  path: Assets/FREE Food Pack/Mesh/Tacos.fbx
  artifactKey: Guid(dfb81c113de903a418d28790ca52dd2b) Importer(815301076,1909f56bfc062723c751e8b465ee728b)
Start importing Assets/FREE Food Pack/Mesh/Tacos.fbx using Guid(dfb81c113de903a418d28790ca52dd2b) Importer(815301076,1909f56bfc062723c751e8b465ee728b)  -> (artifact id: '2e2ed9c434d3d8afaed0f14de2840903') in 0.023663 seconds 
========================================================================
Received Import Request.
  Time since last request: 0.000035 seconds.
  path: Assets/FREE Food Pack/Mesh/Cheese_02.fbx
  artifactKey: Guid(a65bc41f54f5afb478ec22c22d371692) Importer(815301076,1909f56bfc062723c751e8b465ee728b)
Start importing Assets/FREE Food Pack/Mesh/Cheese_02.fbx using Guid(a65bc41f54f5afb478ec22c22d371692) Importer(815301076,1909f56bfc062723c751e8b465ee728b)  -> (artifact id: '00290a8e3b32268d1e6b8a48c0a721fb') in 0.028762 seconds 
========================================================================
Received Import Request.
  Time since last request: 0.000031 seconds.
  path: Assets/FREE Food Pack/Mesh/Egg.fbx
  artifactKey: Guid(19f143b42fa533b4f8eafc373bd587d7) Importer(815301076,1909f56bfc062723c751e8b465ee728b)
Start importing Assets/FREE Food Pack/Mesh/Egg.fbx using Guid(19f143b42fa533b4f8eafc373bd587d7) Importer(815301076,1909f56bfc062723c751e8b465ee728b)  -> (artifact id: 'd36df3845d227f1efcd94f7e469f19e6') in 0.022478 seconds 
========================================================================
Received Import Request.
  Time since last request: 0.000036 seconds.
  path: Assets/FREE Food Pack/Mesh/Steak_Cooked.fbx
  artifactKey: Guid(8cd4586ebadd1934b84fdbadcc9a8072) Importer(815301076,1909f56bfc062723c751e8b465ee728b)
Start importing Assets/FREE Food Pack/Mesh/Steak_Cooked.fbx using Guid(8cd4586ebadd1934b84fdbadcc9a8072) Importer(815301076,1909f56bfc062723c751e8b465ee728b)  -> (artifact id: 'b43912a56618ac00b8621552d9b376cb') in 0.021917 seconds 
========================================================================
Received Import Request.
  Time since last request: 0.000029 seconds.
  path: Assets/FREE Food Pack/Mesh/Pizza.fbx
  artifactKey: Guid(fec52ddeae99a0745bc188805ff2c7c1) Importer(815301076,1909f56bfc062723c751e8b465ee728b)
Start importing Assets/FREE Food Pack/Mesh/Pizza.fbx using Guid(fec52ddeae99a0745bc188805ff2c7c1) Importer(815301076,1909f56bfc062723c751e8b465ee728b)  -> (artifact id: '7f32df0f076f6e8ae91a58f98051cbe9') in 0.021254 seconds 
========================================================================
Received Import Request.
  Time since last request: 0.000027 seconds.
  path: Assets/FREE Food Pack/Mesh/Chips.fbx
  artifactKey: Guid(39d0bbd8cb77c27428b7c82b55d16c83) Importer(815301076,1909f56bfc062723c751e8b465ee728b)
Start importing Assets/FREE Food Pack/Mesh/Chips.fbx using Guid(39d0bbd8cb77c27428b7c82b55d16c83) Importer(815301076,1909f56bfc062723c751e8b465ee728b)  -> (artifact id: 'd97d2be3da8f5e5592da15e24c37d567') in 0.020593 seconds 
========================================================================
Received Import Request.
  Time since last request: 0.000026 seconds.
  path: Assets/FREE Food Pack/Mesh/IceCream_Cone.fbx
  artifactKey: Guid(bea7c7ba7849e354198461f75527cdc4) Importer(815301076,1909f56bfc062723c751e8b465ee728b)
Start importing Assets/FREE Food Pack/Mesh/IceCream_Cone.fbx using Guid(bea7c7ba7849e354198461f75527cdc4) Importer(815301076,1909f56bfc062723c751e8b465ee728b)  -> (artifact id: '1b1c686249a6224f2e7157507ea748af') in 0.021477 seconds 
========================================================================
Received Import Request.
  Time since last request: 0.000029 seconds.
  path: Assets/FREE Food Pack/Mesh/Chips_Bag.fbx
  artifactKey: Guid(e3ff11dbbe2447f4390e781a3033d688) Importer(815301076,1909f56bfc062723c751e8b465ee728b)
Start importing Assets/FREE Food Pack/Mesh/Chips_Bag.fbx using Guid(e3ff11dbbe2447f4390e781a3033d688) Importer(815301076,1909f56bfc062723c751e8b465ee728b)  -> (artifact id: '4cbdac893ded3cb785fd7ec31d97019a') in 0.020821 seconds 
========================================================================
Received Import Request.
  Time since last request: 0.000026 seconds.
  path: Assets/FREE Food Pack/Mesh/Drink_03.fbx
  artifactKey: Guid(014209c3bbf18fc4fbeb84f674afe82c) Importer(815301076,1909f56bfc062723c751e8b465ee728b)
Start importing Assets/FREE Food Pack/Mesh/Drink_03.fbx using Guid(014209c3bbf18fc4fbeb84f674afe82c) Importer(815301076,1909f56bfc062723c751e8b465ee728b)  -> (artifact id: 'f45e7cf50f80451db045b325d1c9b58e') in 0.021919 seconds 
========================================================================
Received Import Request.
  Time since last request: 0.000023 seconds.
  path: Assets/FREE Food Pack/Mesh/Onion.fbx
  artifactKey: Guid(56be052822e0d8d459a1d331a09d5f8a) Importer(815301076,1909f56bfc062723c751e8b465ee728b)
Start importing Assets/FREE Food Pack/Mesh/Onion.fbx using Guid(56be052822e0d8d459a1d331a09d5f8a) Importer(815301076,1909f56bfc062723c751e8b465ee728b)  -> (artifact id: 'f40a90bb58dbc4792fc07ce511c6c3d7') in 0.023371 seconds 
========================================================================
Received Import Request.
  Time since last request: 0.000020 seconds.
  path: Assets/FREE Food Pack/Mesh/Mochi.fbx
  artifactKey: Guid(43f925f9cc7d0d2489e4d722bff5b918) Importer(815301076,1909f56bfc062723c751e8b465ee728b)
Start importing Assets/FREE Food Pack/Mesh/Mochi.fbx using Guid(43f925f9cc7d0d2489e4d722bff5b918) Importer(815301076,1909f56bfc062723c751e8b465ee728b)  -> (artifact id: '9665e539d906040fc7289cc0f6bf7d26') in 0.019061 seconds 
========================================================================
Received Import Request.
  Time since last request: 0.000027 seconds.
  path: Assets/FREE Food Pack/Mesh/Eclair_Chocolate.fbx
  artifactKey: Guid(1eca6ca9aebee584bad5eae34c02b305) Importer(815301076,1909f56bfc062723c751e8b465ee728b)
Start importing Assets/FREE Food Pack/Mesh/Eclair_Chocolate.fbx using Guid(1eca6ca9aebee584bad5eae34c02b305) Importer(815301076,1909f56bfc062723c751e8b465ee728b)  -> (artifact id: '38c8ed4c830c891ae86c634d31400c13') in 0.018814 seconds 
========================================================================
Received Import Request.
  Time since last request: 0.000027 seconds.
  path: Assets/FREE Food Pack/Mesh/Saucisson.fbx
  artifactKey: Guid(1d2ed3c151f92f14384ad32733342672) Importer(815301076,1909f56bfc062723c751e8b465ee728b)
Start importing Assets/FREE Food Pack/Mesh/Saucisson.fbx using Guid(1d2ed3c151f92f14384ad32733342672) Importer(815301076,1909f56bfc062723c751e8b465ee728b)  -> (artifact id: '235238fad78e2d7db93d1bd743306eea') in 0.020314 seconds 
========================================================================
Received Import Request.
  Time since last request: 0.000022 seconds.
  path: Assets/FREE Food Pack/Mesh/Maki.fbx
  artifactKey: Guid(ba6ceeaf951f3f143afe3555f8a977ad) Importer(815301076,1909f56bfc062723c751e8b465ee728b)
Start importing Assets/FREE Food Pack/Mesh/Maki.fbx using Guid(ba6ceeaf951f3f143afe3555f8a977ad) Importer(815301076,1909f56bfc062723c751e8b465ee728b)  -> (artifact id: 'd983fd9a8b23fdeda02faecd3699ce26') in 0.018846 seconds 
========================================================================
Received Import Request.
  Time since last request: 0.000027 seconds.
  path: Assets/FREE Food Pack/Mesh/Tempura.fbx
  artifactKey: Guid(11d1501eed1265f47938feb6a406277a) Importer(815301076,1909f56bfc062723c751e8b465ee728b)
Start importing Assets/FREE Food Pack/Mesh/Tempura.fbx using Guid(11d1501eed1265f47938feb6a406277a) Importer(815301076,1909f56bfc062723c751e8b465ee728b)  -> (artifact id: 'cb11b4b6a765e67ae9dd22a15917386f') in 0.018641 seconds 
========================================================================
Received Import Request.
  Time since last request: 5.296829 seconds.
  path: Assets/FREE Food Pack/Prefabs/Banana.prefab
  artifactKey: Guid(0550765fb22bb954ea0412b7153ff417) Importer(815301076,1909f56bfc062723c751e8b465ee728b)
Start importing Assets/FREE Food Pack/Prefabs/Banana.prefab using Guid(0550765fb22bb954ea0412b7153ff417) Importer(815301076,1909f56bfc062723c751e8b465ee728b)  -> (artifact id: 'd0a0b0076c477087590f57362cd7e7c5') in 0.025277 seconds 
========================================================================
Received Import Request.
  Time since last request: 0.000025 seconds.
  path: Assets/FREE Food Pack/Prefabs/Egg.prefab
  artifactKey: Guid(9425302b7c44a194bb8782c22588bfe2) Importer(815301076,1909f56bfc062723c751e8b465ee728b)
Start importing Assets/FREE Food Pack/Prefabs/Egg.prefab using Guid(9425302b7c44a194bb8782c22588bfe2) Importer(815301076,1909f56bfc062723c751e8b465ee728b)  -> (artifact id: '852e6d7a701072185768b0e305aab444') in 0.022899 seconds 
========================================================================
Received Import Request.
  Time since last request: 0.000028 seconds.
  path: Assets/FREE Food Pack/Prefabs/MeatBall.prefab
  artifactKey: Guid(0ba895ba2fb0b824798ba01dd8206fe7) Importer(815301076,1909f56bfc062723c751e8b465ee728b)
Start importing Assets/FREE Food Pack/Prefabs/MeatBall.prefab using Guid(0ba895ba2fb0b824798ba01dd8206fe7) Importer(815301076,1909f56bfc062723c751e8b465ee728b)  -> (artifact id: 'c286f36c863fa693663864fca094f194') in 0.023204 seconds 
========================================================================
Received Import Request.
  Time since last request: 0.000050 seconds.
  path: Assets/FREE Food Pack/Prefabs/Pineapple.prefab
  artifactKey: Guid(80c29c7e0bd64654f8f59dda85e24897) Importer(815301076,1909f56bfc062723c751e8b465ee728b)
Start importing Assets/FREE Food Pack/Prefabs/Pineapple.prefab using Guid(80c29c7e0bd64654f8f59dda85e24897) Importer(815301076,1909f56bfc062723c751e8b465ee728b)  -> (artifact id: '001c9cd640812f26429e33d953ffe581') in 0.024222 seconds 
========================================================================
Received Import Request.
  Time since last request: 0.000024 seconds.
  path: Assets/FREE Food Pack/Prefabs/Onigiri.prefab
  artifactKey: Guid(b93286b7dfa93834caec88d1044606c2) Importer(815301076,1909f56bfc062723c751e8b465ee728b)
Start importing Assets/FREE Food Pack/Prefabs/Onigiri.prefab using Guid(b93286b7dfa93834caec88d1044606c2) Importer(815301076,1909f56bfc062723c751e8b465ee728b)  -> (artifact id: '52195fdbe1962f1900497fa974093699') in 0.022260 seconds 
========================================================================
Received Import Request.
  Time since last request: 0.000097 seconds.
  path: Assets/FREE Food Pack/Prefabs/IceCream_Cone.prefab
  artifactKey: Guid(87a32384fe2633648996ab825d5f4b5b) Importer(815301076,1909f56bfc062723c751e8b465ee728b)
Start importing Assets/FREE Food Pack/Prefabs/IceCream_Cone.prefab using Guid(87a32384fe2633648996ab825d5f4b5b) Importer(815301076,1909f56bfc062723c751e8b465ee728b)  -> (artifact id: '000f9c67eb5ae25549bba667ac10ddfa') in 0.023842 seconds 
========================================================================
Received Import Request.
  Time since last request: 0.000030 seconds.
  path: Assets/FREE Food Pack/Prefabs/Mochi.prefab
  artifactKey: Guid(cc3c5a058e6bb634781860012b9aa683) Importer(815301076,1909f56bfc062723c751e8b465ee728b)
Start importing Assets/FREE Food Pack/Prefabs/Mochi.prefab using Guid(cc3c5a058e6bb634781860012b9aa683) Importer(815301076,1909f56bfc062723c751e8b465ee728b)  -> (artifact id: 'b477aec3dc5f94063fb22dd254a90eb5') in 0.024681 seconds 
========================================================================
Received Import Request.
  Time since last request: 0.000046 seconds.
  path: Assets/FREE Food Pack/Prefabs/Gyoza.prefab
  artifactKey: Guid(d42d1e0069f8f9d4f893cba184403ce4) Importer(815301076,1909f56bfc062723c751e8b465ee728b)
Start importing Assets/FREE Food Pack/Prefabs/Gyoza.prefab using Guid(d42d1e0069f8f9d4f893cba184403ce4) Importer(815301076,1909f56bfc062723c751e8b465ee728b)  -> (artifact id: '4be91bc9eb861d2bdf31fe5d247150ab') in 0.023907 seconds 
========================================================================
Received Import Request.
  Time since last request: 0.000027 seconds.
  path: Assets/FREE Food Pack/Prefabs/Drink_02.prefab
  artifactKey: Guid(4f544c14cf326b843a5f07e7de41640e) Importer(815301076,1909f56bfc062723c751e8b465ee728b)
Start importing Assets/FREE Food Pack/Prefabs/Drink_02.prefab using Guid(4f544c14cf326b843a5f07e7de41640e) Importer(815301076,1909f56bfc062723c751e8b465ee728b)  -> (artifact id: 'fb94d8de6b00fab6edb86e680a96fe7c') in 0.022699 seconds 
========================================================================
Received Import Request.
  Time since last request: 0.000050 seconds.
  path: Assets/FREE Food Pack/Prefabs/Muffin.prefab
  artifactKey: Guid(78dec3a2e9e50fc46882f9cc3751f692) Importer(815301076,1909f56bfc062723c751e8b465ee728b)
Start importing Assets/FREE Food Pack/Prefabs/Muffin.prefab using Guid(78dec3a2e9e50fc46882f9cc3751f692) Importer(815301076,1909f56bfc062723c751e8b465ee728b)  -> (artifact id: '85b680ab69956f678cd20cf6a72e8a6a') in 0.025032 seconds 
========================================================================
Received Import Request.
  Time since last request: 0.000028 seconds.
  path: Assets/FREE Food Pack/Prefabs/Chips_Bag.prefab
  artifactKey: Guid(91e1f9e8a986ed344be385215d3145b3) Importer(815301076,1909f56bfc062723c751e8b465ee728b)
Start importing Assets/FREE Food Pack/Prefabs/Chips_Bag.prefab using Guid(91e1f9e8a986ed344be385215d3145b3) Importer(815301076,1909f56bfc062723c751e8b465ee728b)  -> (artifact id: '496498503df793d53a93a2710d5aaa65') in 0.023996 seconds 
========================================================================
Received Import Request.
  Time since last request: 0.000026 seconds.
  path: Assets/FREE Food Pack/Prefabs/Shrimp.prefab
  artifactKey: Guid(819bc2dc8cc285d4db64ae40568e2150) Importer(815301076,1909f56bfc062723c751e8b465ee728b)
Start importing Assets/FREE Food Pack/Prefabs/Shrimp.prefab using Guid(819bc2dc8cc285d4db64ae40568e2150) Importer(815301076,1909f56bfc062723c751e8b465ee728b)  -> (artifact id: '1340c60c878b090be5808b0a1ec0cce8') in 0.023002 seconds 
========================================================================
Received Import Request.
  Time since last request: 0.000029 seconds.
  path: Assets/FREE Food Pack/Prefabs/Sausage.prefab
  artifactKey: Guid(43d9530894ffb9e468b06ef86dc4efa8) Importer(815301076,1909f56bfc062723c751e8b465ee728b)
Start importing Assets/FREE Food Pack/Prefabs/Sausage.prefab using Guid(43d9530894ffb9e468b06ef86dc4efa8) Importer(815301076,1909f56bfc062723c751e8b465ee728b)  -> (artifact id: '146e0835509665a42e2f00224dbde4f9') in 0.022811 seconds 
========================================================================
Received Import Request.
  Time since last request: 0.000104 seconds.
  path: Assets/FREE Food Pack/Prefabs/Mushroom.prefab
  artifactKey: Guid(630adda25e718324a80512d3e4d69e13) Importer(815301076,1909f56bfc062723c751e8b465ee728b)
Start importing Assets/FREE Food Pack/Prefabs/Mushroom.prefab using Guid(630adda25e718324a80512d3e4d69e13) Importer(815301076,1909f56bfc062723c751e8b465ee728b)  -> (artifact id: '89afcfe9d63aa845ed572ad7bb7b3ab5') in 0.023971 seconds 
========================================================================
Received Import Request.
  Time since last request: 0.000033 seconds.
  path: Assets/FREE Food Pack/Prefabs/Donut.prefab
  artifactKey: Guid(931dfc52fd271a846b05a6bf70694fca) Importer(815301076,1909f56bfc062723c751e8b465ee728b)
Start importing Assets/FREE Food Pack/Prefabs/Donut.prefab using Guid(931dfc52fd271a846b05a6bf70694fca) Importer(815301076,1909f56bfc062723c751e8b465ee728b)  -> (artifact id: '11ff31c43093c3620641acc360b95a0a') in 0.023667 seconds 
========================================================================
Received Import Request.
  Time since last request: 0.000043 seconds.
  path: Assets/FREE Food Pack/Prefabs/Salad.prefab
  artifactKey: Guid(196fe542ad163b149adf1ca04c19c753) Importer(815301076,1909f56bfc062723c751e8b465ee728b)
Start importing Assets/FREE Food Pack/Prefabs/Salad.prefab using Guid(196fe542ad163b149adf1ca04c19c753) Importer(815301076,1909f56bfc062723c751e8b465ee728b)  -> (artifact id: 'b40c78507203b16b47a18bdbf2b3dcd5') in 0.025829 seconds 
========================================================================
Received Import Request.
  Time since last request: 2.902265 seconds.
  path: Assets/FREE Food Pack/Prefabs/Watermelon.prefab
  artifactKey: Guid(78a6a596f3cdc2641b44bb3d371c8db0) Importer(815301076,1909f56bfc062723c751e8b465ee728b)
Start importing Assets/FREE Food Pack/Prefabs/Watermelon.prefab using Guid(78a6a596f3cdc2641b44bb3d371c8db0) Importer(815301076,1909f56bfc062723c751e8b465ee728b)  -> (artifact id: '0422efd60ca6b3d85b80376c78079e35') in 0.034517 seconds 
========================================================================
Received Import Request.
  Time since last request: 140.233292 seconds.
  path: Assets/FREE Food Pack/Textures/FoodIcons_Atlas.png
  artifactKey: Guid(37607ec1aab56e349af84a980f685a4b) Importer(815301076,1909f56bfc062723c751e8b465ee728b)
Start importing Assets/FREE Food Pack/Textures/FoodIcons_Atlas.png using Guid(37607ec1aab56e349af84a980f685a4b) Importer(815301076,1909f56bfc062723c751e8b465ee728b)  -> (artifact id: 'a3d15620940439e0f0069e7ad0f32c0c') in 0.378180 seconds 
========================================================================
Received Import Request.
  Time since last request: 10471.912656 seconds.
  path: Assets/Plugins/Banana Yellow Games/Characters/Banana Man/Textures/Banana Man Albedo.png
  artifactKey: Guid(ba30b5ad10906d145b2715c1a9446f41) Importer(815301076,1909f56bfc062723c751e8b465ee728b)
Start importing Assets/Plugins/Banana Yellow Games/Characters/Banana Man/Textures/Banana Man Albedo.png using Guid(ba30b5ad10906d145b2715c1a9446f41) Importer(815301076,1909f56bfc062723c751e8b465ee728b)  -> (artifact id: '6b569316594e93834cd92b479fa952de') in 0.134783 seconds 
========================================================================
Received Import Request.
  Time since last request: 6.710261 seconds.
  path: Assets/Plugins/Banana Yellow Games/Characters/Banana Man/Materials/Joints.mat
  artifactKey: Guid(172e6d5757c566945aace63133e6ab54) Importer(815301076,1909f56bfc062723c751e8b465ee728b)
Start importing Assets/Plugins/Banana Yellow Games/Characters/Banana Man/Materials/Joints.mat using Guid(172e6d5757c566945aace63133e6ab54) Importer(815301076,1909f56bfc062723c751e8b465ee728b)  -> (artifact id: '181a079ff795f87df000a3fb1b0c0acd') in 0.062789 seconds 
========================================================================
Received Prepare
Registering precompiled user dll's ...
Registered in 0.005051 seconds.
Begin MonoManager ReloadAssembly
Symbol file LoadedFromMemory doesn't match image C:\work\cellscience\Bakery\Library\PackageCache\com.unity.visualscripting@1.7.6\Editor\VisualScripting.Core\Dependencies\YamlDotNet\Unity.VisualScripting.YamlDotNet.dll
Symbol file LoadedFromMemory is not a mono symbol file
Symbol file LoadedFromMemory doesn't match image C:\work\cellscience\Bakery\Library\PackageCache\com.unity.visualscripting@1.7.6\Editor\VisualScripting.Core\Dependencies\DotNetZip\Unity.VisualScripting.IonicZip.dll
Native extension for WindowsStandalone target not found
Native extension for WebGL target not found
Refreshing native plugins compatible for Editor in 1.29 ms, found 3 plugins.
Preloading 0 native plugins for Editor in 0.00 ms.
Mono: successfully reloaded assembly
- Completed reload, in  1.546 seconds
Domain Reload Profiling:
	ReloadAssembly (1548ms)
		BeginReloadAssembly (385ms)
			ExecutionOrderSort (0ms)
			DisableScriptedObjects (20ms)
			BackupInstance (0ms)
			ReleaseScriptingObjects (0ms)
			CreateAndSetChildDomain (154ms)
		EndReloadAssembly (1042ms)
			LoadAssemblies (173ms)
			RebuildTransferFunctionScriptingTraits (1ms)
			SetupTypeCache (366ms)
			ReleaseScriptCaches (2ms)
			RebuildScriptCaches (61ms)
			SetupLoadedEditorAssemblies (405ms)
				LogAssemblyErrors (0ms)
				InitializePlatformSupportModulesInManaged (17ms)
				SetLoadedEditorAssemblies (1ms)
				RefreshPlugins (1ms)
				BeforeProcessingInitializeOnLoad (84ms)
				ProcessInitializeOnLoadAttributes (264ms)
				ProcessInitializeOnLoadMethodAttributes (29ms)
				AfterProcessingInitializeOnLoad (8ms)
				EditorAssembliesLoaded (0ms)
			ExecutionOrderSort2 (0ms)
			AwakeInstancesAfterBackupRestoration (7ms)
Platform modules already initialized, skipping
Refreshing native plugins compatible for Editor in 3.66 ms, found 3 plugins.
Preloading 0 native plugins for Editor in 0.00 ms.
Unloading 3595 Unused Serialized files (Serialized files now loaded: 0)
Unloading 30 unused Assets / (0.8 MB). Loaded Objects now: 4124.
Memory consumption went from 138.6 MB to 137.8 MB.
Total: 7.941200 ms (FindLiveObjects: 0.330500 ms CreateObjectMapping: 0.259700 ms MarkObjects: 5.942900 ms  DeleteObjects: 1.405600 ms)

AssetImportParameters requested are different than current active one (requested -> active):
  custom:video-decoder-ogg-theora: a1e56fd34408186e4bbccfd4996cb3dc -> 
  custom:container-muxer-webm: aa71ff27fc2769a1b78a27578f13a17b -> 
  custom:container-demuxer-webm: 4f35f7cbe854078d1ac9338744f61a02 -> 
  custom:video-encoder-webm-vp8: eb34c28f22e8b96e1ab97ce403110664 -> 
  custom:audio-encoder-webm-vorbis: bf7c407c2cedff20999df2af8eb42d56 -> 
  custom:framework-win-MediaFoundation: 216162199b28c13a410421893ffa2e32 -> 
  custom:container-demuxer-ogg: 62fdf1f143b41e24485cea50d1cbac27 -> 
  custom:video-decoder-webm-vp8: 9c59270c3fd7afecdb556c50c9e8de78 -> 
  custom:audio-decoder-ogg-vorbis: bf7c407c2cedff20999df2af8eb42d56 -> 
========================================================================
Received Prepare
Registering precompiled user dll's ...
Registered in 0.004918 seconds.
Begin MonoManager ReloadAssembly
Symbol file LoadedFromMemory doesn't match image C:\work\cellscience\Bakery\Library\PackageCache\com.unity.visualscripting@1.7.6\Editor\VisualScripting.Core\Dependencies\YamlDotNet\Unity.VisualScripting.YamlDotNet.dll
Symbol file LoadedFromMemory is not a mono symbol file
Symbol file LoadedFromMemory doesn't match image C:\work\cellscience\Bakery\Library\PackageCache\com.unity.visualscripting@1.7.6\Editor\VisualScripting.Core\Dependencies\DotNetZip\Unity.VisualScripting.IonicZip.dll
Native extension for WindowsStandalone target not found
Native extension for WebGL target not found
Refreshing native plugins compatible for Editor in 0.68 ms, found 3 plugins.
Preloading 0 native plugins for Editor in 0.00 ms.
Mono: successfully reloaded assembly
- Completed reload, in  1.163 seconds
Domain Reload Profiling:
	ReloadAssembly (1164ms)
		BeginReloadAssembly (156ms)
			ExecutionOrderSort (0ms)
			DisableScriptedObjects (6ms)
			BackupInstance (0ms)
			ReleaseScriptingObjects (0ms)
			CreateAndSetChildDomain (40ms)
		EndReloadAssembly (893ms)
			LoadAssemblies (113ms)
			RebuildTransferFunctionScriptingTraits (0ms)
			SetupTypeCache (306ms)
			ReleaseScriptCaches (2ms)
			RebuildScriptCaches (52ms)
			SetupLoadedEditorAssemblies (372ms)
				LogAssemblyErrors (0ms)
				InitializePlatformSupportModulesInManaged (14ms)
				SetLoadedEditorAssemblies (0ms)
				RefreshPlugins (1ms)
				BeforeProcessingInitializeOnLoad (72ms)
				ProcessInitializeOnLoadAttributes (248ms)
				ProcessInitializeOnLoadMethodAttributes (29ms)
				AfterProcessingInitializeOnLoad (8ms)
				EditorAssembliesLoaded (0ms)
			ExecutionOrderSort2 (0ms)
			AwakeInstancesAfterBackupRestoration (6ms)
Platform modules already initialized, skipping
Refreshing native plugins compatible for Editor in 2.39 ms, found 3 plugins.
Preloading 0 native plugins for Editor in 0.00 ms.
Unloading 3594 Unused Serialized files (Serialized files now loaded: 0)
Unloading 30 unused Assets / (0.8 MB). Loaded Objects now: 4127.
Memory consumption went from 138.5 MB to 137.7 MB.
Total: 4.803000 ms (FindLiveObjects: 0.338600 ms CreateObjectMapping: 0.222500 ms MarkObjects: 3.609400 ms  DeleteObjects: 0.631200 ms)

AssetImportParameters requested are different than current active one (requested -> active):
  custom:video-decoder-ogg-theora: a1e56fd34408186e4bbccfd4996cb3dc -> 
  custom:container-muxer-webm: aa71ff27fc2769a1b78a27578f13a17b -> 
  custom:container-demuxer-webm: 4f35f7cbe854078d1ac9338744f61a02 -> 
  custom:video-encoder-webm-vp8: eb34c28f22e8b96e1ab97ce403110664 -> 
  custom:audio-encoder-webm-vorbis: bf7c407c2cedff20999df2af8eb42d56 -> 
  custom:framework-win-MediaFoundation: 216162199b28c13a410421893ffa2e32 -> 
  custom:container-demuxer-ogg: 62fdf1f143b41e24485cea50d1cbac27 -> 
  custom:video-decoder-webm-vp8: 9c59270c3fd7afecdb556c50c9e8de78 -> 
  custom:audio-decoder-ogg-vorbis: bf7c407c2cedff20999df2af8eb42d56 -> 
========================================================================
Received Import Request.
  Time since last request: 5246.749969 seconds.
  path: Assets/Stylized Wood Textures/Textures/Chevron/Wood_Chevron_basecolor.png
  artifactKey: Guid(dc701068260463c47ac417c3dd942fda) Importer(815301076,1909f56bfc062723c751e8b465ee728b)
Start importing Assets/Stylized Wood Textures/Textures/Chevron/Wood_Chevron_basecolor.png using Guid(dc701068260463c47ac417c3dd942fda) Importer(815301076,1909f56bfc062723c751e8b465ee728b)  -> (artifact id: '475a8ed0079303048ffb6beaea86f0c4') in 0.168027 seconds 
========================================================================
Received Import Request.
  Time since last request: 0.000047 seconds.
  path: Assets/Stylized Wood Textures/Textures/Chevron/Wood_Chevron_metallic.png
  artifactKey: Guid(57d94ae7b197caf49b442cd728891118) Importer(815301076,1909f56bfc062723c751e8b465ee728b)
Start importing Assets/Stylized Wood Textures/Textures/Chevron/Wood_Chevron_metallic.png using Guid(57d94ae7b197caf49b442cd728891118) Importer(815301076,1909f56bfc062723c751e8b465ee728b)  -> (artifact id: '977a178c97f1b872d6d28d253c2e2f13') in 0.044462 seconds 
========================================================================
Received Prepare
Registering precompiled user dll's ...
Registered in 0.007402 seconds.
Begin MonoManager ReloadAssembly
Symbol file LoadedFromMemory doesn't match image C:\work\cellscience\Bakery\Library\PackageCache\com.unity.visualscripting@1.7.6\Editor\VisualScripting.Core\Dependencies\YamlDotNet\Unity.VisualScripting.YamlDotNet.dll
Symbol file LoadedFromMemory is not a mono symbol file
Symbol file LoadedFromMemory doesn't match image C:\work\cellscience\Bakery\Library\PackageCache\com.unity.visualscripting@1.7.6\Editor\VisualScripting.Core\Dependencies\DotNetZip\Unity.VisualScripting.IonicZip.dll
Native extension for WindowsStandalone target not found
Native extension for WebGL target not found
Refreshing native plugins compatible for Editor in 0.74 ms, found 3 plugins.
Preloading 0 native plugins for Editor in 0.00 ms.
Mono: successfully reloaded assembly
- Completed reload, in  1.258 seconds
Domain Reload Profiling:
	ReloadAssembly (1259ms)
		BeginReloadAssembly (157ms)
			ExecutionOrderSort (0ms)
			DisableScriptedObjects (5ms)
			BackupInstance (0ms)
			ReleaseScriptingObjects (0ms)
			CreateAndSetChildDomain (40ms)
		EndReloadAssembly (986ms)
			LoadAssemblies (126ms)
			RebuildTransferFunctionScriptingTraits (0ms)
			SetupTypeCache (310ms)
			ReleaseScriptCaches (1ms)
			RebuildScriptCaches (51ms)
			SetupLoadedEditorAssemblies (451ms)
				LogAssemblyErrors (0ms)
				InitializePlatformSupportModulesInManaged (16ms)
				SetLoadedEditorAssemblies (1ms)
				RefreshPlugins (1ms)
				BeforeProcessingInitializeOnLoad (83ms)
				ProcessInitializeOnLoadAttributes (308ms)
				ProcessInitializeOnLoadMethodAttributes (33ms)
				AfterProcessingInitializeOnLoad (10ms)
				EditorAssembliesLoaded (0ms)
			ExecutionOrderSort2 (0ms)
			AwakeInstancesAfterBackupRestoration (7ms)
Platform modules already initialized, skipping
Refreshing native plugins compatible for Editor in 3.59 ms, found 3 plugins.
Preloading 0 native plugins for Editor in 0.00 ms.
Unloading 3594 Unused Serialized files (Serialized files now loaded: 0)
Unloading 30 unused Assets / (0.8 MB). Loaded Objects now: 4130.
Memory consumption went from 138.5 MB to 137.8 MB.
Total: 4.370500 ms (FindLiveObjects: 0.507400 ms CreateObjectMapping: 0.365100 ms MarkObjects: 2.941700 ms  DeleteObjects: 0.555000 ms)

AssetImportParameters requested are different than current active one (requested -> active):
  custom:video-decoder-ogg-theora: a1e56fd34408186e4bbccfd4996cb3dc -> 
  custom:container-muxer-webm: aa71ff27fc2769a1b78a27578f13a17b -> 
  custom:container-demuxer-webm: 4f35f7cbe854078d1ac9338744f61a02 -> 
  custom:video-encoder-webm-vp8: eb34c28f22e8b96e1ab97ce403110664 -> 
  custom:audio-encoder-webm-vorbis: bf7c407c2cedff20999df2af8eb42d56 -> 
  custom:framework-win-MediaFoundation: 216162199b28c13a410421893ffa2e32 -> 
  custom:container-demuxer-ogg: 62fdf1f143b41e24485cea50d1cbac27 -> 
  custom:video-decoder-webm-vp8: 9c59270c3fd7afecdb556c50c9e8de78 -> 
  custom:audio-decoder-ogg-vorbis: bf7c407c2cedff20999df2af8eb42d56 -> 
Editor requested this worker to shutdown with reason: Scaling down because of idle timeout
AssetImportWorker is now disconnected from the server
Process exiting
Exiting without the bug reporter. Application will terminate with return code 0